Traceback (most recent call last):
  File "/global/u2/w/wa176/ece534-finance-project/fine_tune.py", line 63, in <module>
Traceback (most recent call last):
  File "/global/u2/w/wa176/ece534-finance-project/fine_tune.py", line 63, in <module>
Traceback (most recent call last):
  File "/global/u2/w/wa176/ece534-finance-project/fine_tune.py", line 63, in <module>
Traceback (most recent call last):
  File "/global/u2/w/wa176/ece534-finance-project/fine_tune.py", line 63, in <module>
    from transformers import (
    from transformers import (
  File "/global/homes/w/wa176/.local/perlmutter/python-3.11/lib/python3.11/site-packages/transformers/utils/import_utils.py", line 2302, in __getattr__
  File "/global/homes/w/wa176/.local/perlmutter/python-3.11/lib/python3.11/site-packages/transformers/utils/import_utils.py", line 2302, in __getattr__
    from transformers import (
    from transformers import (
  File "/global/homes/w/wa176/.local/perlmutter/python-3.11/lib/python3.11/site-packages/transformers/utils/import_utils.py", line 2302, in __getattr__
  File "/global/homes/w/wa176/.local/perlmutter/python-3.11/lib/python3.11/site-packages/transformers/utils/import_utils.py", line 2302, in __getattr__
    module = self._get_module(self._class_to_module[name])
    module = self._get_module(self._class_to_module[name])
    module = self._get_module(self._class_to_module[name])
             ^^^^^^^^^^^^^^^^^^^^^^^^^^^^^^^^^^^^^^^^^^^^^
  File "/global/homes/w/wa176/.local/perlmutter/python-3.11/lib/python3.11/site-packages/transformers/utils/import_utils.py", line 2332, in _get_module
             ^^^^^^^^^^^^^^^^^^^^^^^^^^^^^^^^^^^^^^^^^^^^^
  File "/global/homes/w/wa176/.local/perlmutter/python-3.11/lib/python3.11/site-packages/transformers/utils/import_utils.py", line 2332, in _get_module
             ^^^^^^^^^^^^^^^^^^^^^^^^^^^^^^^^^^^^^^^^^^^^^
  File "/global/homes/w/wa176/.local/perlmutter/python-3.11/lib/python3.11/site-packages/transformers/utils/import_utils.py", line 2332, in _get_module
    module = self._get_module(self._class_to_module[name])
             ^^^^^^^^^^^^^^^^^^^^^^^^^^^^^^^^^^^^^^^^^^^^^
  File "/global/homes/w/wa176/.local/perlmutter/python-3.11/lib/python3.11/site-packages/transformers/utils/import_utils.py", line 2332, in _get_module
    raise e
  File "/global/homes/w/wa176/.local/perlmutter/python-3.11/lib/python3.11/site-packages/transformers/utils/import_utils.py", line 2330, in _get_module
    raise e
  File "/global/homes/w/wa176/.local/perlmutter/python-3.11/lib/python3.11/site-packages/transformers/utils/import_utils.py", line 2330, in _get_module
    raise e
  File "/global/homes/w/wa176/.local/perlmutter/python-3.11/lib/python3.11/site-packages/transformers/utils/import_utils.py", line 2330, in _get_module
    raise e
  File "/global/homes/w/wa176/.local/perlmutter/python-3.11/lib/python3.11/site-packages/transformers/utils/import_utils.py", line 2330, in _get_module
    return importlib.import_module("." + module_name, self.__name__)
    return importlib.import_module("." + module_name, self.__name__)
    return importlib.import_module("." + module_name, self.__name__)
           ^^^^^^^^^^^^^^^^^^^^^^^^^^^^^^^^^^^^^^^^^^^^^^^^^^^^^^^^^
  File "/global/common/software/nersc/pe/conda-envs/24.1.0/python-3.11/nersc-python/lib/python3.11/importlib/__init__.py", line 126, in import_module
           ^^^^^^^^^^^^^^^^^^^^^^^^^^^^^^^^^^^^^^^^^^^^^^^^^^^^^^^^^
           ^^^^^^^^^^^^^^^^^^^^^^^^^^^^^^^^^^^^^^^^^^^^^^^^^^^^^^^^^
  File "/global/common/software/nersc/pe/conda-envs/24.1.0/python-3.11/nersc-python/lib/python3.11/importlib/__init__.py", line 126, in import_module
  File "/global/common/software/nersc/pe/conda-envs/24.1.0/python-3.11/nersc-python/lib/python3.11/importlib/__init__.py", line 126, in import_module
    return importlib.import_module("." + module_name, self.__name__)
           ^^^^^^^^^^^^^^^^^^^^^^^^^^^^^^^^^^^^^^^^^^^^^^^^^^^^^^^^^
  File "/global/common/software/nersc/pe/conda-envs/24.1.0/python-3.11/nersc-python/lib/python3.11/importlib/__init__.py", line 126, in import_module
    return _bootstrap._gcd_import(name[level:], package, level)
    return _bootstrap._gcd_import(name[level:], package, level)
    return _bootstrap._gcd_import(name[level:], package, level)
    return _bootstrap._gcd_import(name[level:], package, level)
           ^^^^^^^^^^^^^^^^^^^^^^^^^^^^^^^^^^^^^^^^^^^^^^^^^^^^
           ^^^^^^^^^^^^^^^^^^^^^^^^^^^^^^^^^^^^^^^^^^^^^^^^^^^^
  File "/global/homes/w/wa176/.local/perlmutter/python-3.11/lib/python3.11/site-packages/transformers/trainer.py", line 74, in <module>
  File "/global/homes/w/wa176/.local/perlmutter/python-3.11/lib/python3.11/site-packages/transformers/trainer.py", line 74, in <module>
           ^^^^^^^^^^^^^^^^^^^^^^^^^^^^^^^^^^^^^^^^^^^^^^^^^^^^
  File "/global/homes/w/wa176/.local/perlmutter/python-3.11/lib/python3.11/site-packages/transformers/trainer.py", line 74, in <module>
           ^^^^^^^^^^^^^^^^^^^^^^^^^^^^^^^^^^^^^^^^^^^^^^^^^^^^
  File "/global/homes/w/wa176/.local/perlmutter/python-3.11/lib/python3.11/site-packages/transformers/trainer.py", line 74, in <module>
    from .processing_utils import ProcessorMixin
  File "/global/homes/w/wa176/.local/perlmutter/python-3.11/lib/python3.11/site-packages/transformers/processing_utils.py", line 39, in <module>
    from .processing_utils import ProcessorMixin
  File "/global/homes/w/wa176/.local/perlmutter/python-3.11/lib/python3.11/site-packages/transformers/processing_utils.py", line 39, in <module>
    from .processing_utils import ProcessorMixin
  File "/global/homes/w/wa176/.local/perlmutter/python-3.11/lib/python3.11/site-packages/transformers/processing_utils.py", line 39, in <module>
    from .processing_utils import ProcessorMixin
  File "/global/homes/w/wa176/.local/perlmutter/python-3.11/lib/python3.11/site-packages/transformers/processing_utils.py", line 39, in <module>
    from .video_utils import VideoMetadata
    from .video_utils import VideoMetadata
  File "/global/homes/w/wa176/.local/perlmutter/python-3.11/lib/python3.11/site-packages/transformers/video_utils.py", line 51, in <module>
  File "/global/homes/w/wa176/.local/perlmutter/python-3.11/lib/python3.11/site-packages/transformers/video_utils.py", line 51, in <module>
    from .video_utils import VideoMetadata
  File "/global/homes/w/wa176/.local/perlmutter/python-3.11/lib/python3.11/site-packages/transformers/video_utils.py", line 51, in <module>
    from .video_utils import VideoMetadata
  File "/global/homes/w/wa176/.local/perlmutter/python-3.11/lib/python3.11/site-packages/transformers/video_utils.py", line 51, in <module>
    from torchvision import io as torchvision_io
    from torchvision import io as torchvision_io
ImportError: cannot import name 'io' from 'torchvision' (unknown location)
ImportError: cannot import name 'io' from 'torchvision' (unknown location)
    from torchvision import io as torchvision_io
    from torchvision import io as torchvision_io
ImportError: cannot import name 'io' from 'torchvision' (unknown location)
ImportError: cannot import name 'io' from 'torchvision' (unknown location)
srun: error: nid008397: tasks 0-3: Exited with exit code 1
srun: Terminating StepId=45870871.0
