Loaded headlines: (15549299, 3)
Loaded headlines: (15549299, 3)
Loaded headlines: (15549299, 3)
Loaded headlines: (15549299, 3)
Loaded headlines: (15549299, 3)
Loaded headlines: (15549299, 3)
Loaded headlines: (15549299, 3)
Loaded headlines: (15549299, 3)
Loaded headlines: (15549299, 3)
Loaded headlines: (15549299, 3)
Loaded headlines: (15549299, 3)
Loaded headlines: (15549299, 3)
Loaded headlines: (15549299, 3)
Loaded headlines: (15549299, 3)
Loaded headlines: (15549299, 3)
Loaded headlines: (15549299, 3)
Loaded prices: (29677722, 8)
Loaded prices: (29677722, 8)
Loaded prices: (29677722, 8)
Loaded prices: (29677722, 8)
Loaded prices: (29677722, 8)
Loaded prices: (29677722, 8)
Loaded prices: (29677722, 8)
Loaded prices: (29677722, 8)
Loaded prices: (29677722, 8)
Loaded prices: (29677722, 8)
Loaded prices: (29677722, 8)
Loaded prices: (29677722, 8)
Loaded prices: (29677722, 8)
Loaded prices: (29677722, 8)
Loaded prices: (29677722, 8)
Loaded prices: (29677722, 8)
