[merge.py] dist_mode=ddp, is_distributed=True, world_size=4, device=cuda:0
[Rank 2] headlines shard: 3887325 rows (start=7774650, end=11661975)
Prices:   (29677722, 11)
News:     (15549298, 3)
Indexes:  (14280, 4)
[merge.py] Total headlines: 15549298, world_size=4, per_rank≈3887325
[Rank 0] headlines shard: 3887325 rows (start=0, end=3887325)
[Rank 1] headlines shard: 3887325 rows (start=3887325, end=7774650)
[FinBERT] Loading fine-tuned weights from models/run3.safetensors ...
[FinBERT] Loading fine-tuned weights from models/run3.safetensors ...
[Rank 3] headlines shard: 3887323 rows (start=11661975, end=15549298)
[FinBERT] Loading fine-tuned weights from models/run3.safetensors ...
[Rank 0] Encoded 256/3887325 headlines...[Rank 2] Encoded 256/3887325 headlines...

[Rank 1] Encoded 256/3887325 headlines...
[FinBERT] Loading fine-tuned weights from models/run3.safetensors ...
[Rank 3] Encoded 256/3887323 headlines...
[Rank 2] Encoded 13056/3887325 headlines...
[Rank 0] Encoded 13056/3887325 headlines...
[Rank 1] Encoded 13056/3887325 headlines...
[Rank 3] Encoded 13056/3887323 headlines...
[Rank 2] Encoded 25856/3887325 headlines...
[Rank 0] Encoded 25856/3887325 headlines...
[Rank 3] Encoded 25856/3887323 headlines...
[Rank 2] Encoded 38656/3887325 headlines...
[Rank 1] Encoded 25856/3887325 headlines...
[Rank 0] Encoded 38656/3887325 headlines...
[Rank 3] Encoded 38656/3887323 headlines...
[Rank 2] Encoded 51456/3887325 headlines...
[Rank 0] Encoded 51456/3887325 headlines...
[Rank 3] Encoded 51456/3887323 headlines...
[Rank 1] Encoded 38656/3887325 headlines...
[Rank 2] Encoded 64256/3887325 headlines...
[Rank 0] Encoded 64256/3887325 headlines...
[Rank 3] Encoded 64256/3887323 headlines...
[Rank 2] Encoded 77056/3887325 headlines...
[Rank 0] Encoded 77056/3887325 headlines...
[Rank 1] Encoded 51456/3887325 headlines...
[Rank 3] Encoded 77056/3887323 headlines...
[Rank 2] Encoded 89856/3887325 headlines...
[Rank 3] Encoded 89856/3887323 headlines...
[Rank 0] Encoded 89856/3887325 headlines...
[Rank 2] Encoded 102656/3887325 headlines...
[Rank 1] Encoded 64256/3887325 headlines...
[Rank 3] Encoded 102656/3887323 headlines...
[Rank 0] Encoded 102656/3887325 headlines...
[Rank 2] Encoded 115456/3887325 headlines...
[Rank 3] Encoded 115456/3887323 headlines...
[Rank 0] Encoded 115456/3887325 headlines...
[Rank 1] Encoded 77056/3887325 headlines...
[Rank 2] Encoded 128256/3887325 headlines...
[Rank 3] Encoded 128256/3887323 headlines...
[Rank 0] Encoded 128256/3887325 headlines...
[Rank 2] Encoded 141056/3887325 headlines...
[Rank 3] Encoded 141056/3887323 headlines...
[Rank 1] Encoded 89856/3887325 headlines...
[Rank 0] Encoded 141056/3887325 headlines...
[Rank 2] Encoded 153856/3887325 headlines...
[Rank 3] Encoded 153856/3887323 headlines...
[Rank 0] Encoded 153856/3887325 headlines...
[Rank 2] Encoded 166656/3887325 headlines...
[Rank 3] Encoded 166656/3887323 headlines...
[Rank 1] Encoded 102656/3887325 headlines...
[Rank 0] Encoded 166656/3887325 headlines...
[Rank 2] Encoded 179456/3887325 headlines...
[Rank 3] Encoded 179456/3887323 headlines...
[Rank 2] Encoded 192256/3887325 headlines...
[Rank 0] Encoded 179456/3887325 headlines...
[Rank 1] Encoded 115456/3887325 headlines...
[Rank 3] Encoded 192256/3887323 headlines...
[Rank 2] Encoded 205056/3887325 headlines...
[Rank 0] Encoded 192256/3887325 headlines...
[Rank 3] Encoded 205056/3887323 headlines...
[Rank 1] Encoded 128256/3887325 headlines...
[Rank 2] Encoded 217856/3887325 headlines...
[Rank 0] Encoded 205056/3887325 headlines...
[Rank 3] Encoded 217856/3887323 headlines...
[Rank 2] Encoded 230656/3887325 headlines...
[Rank 0] Encoded 217856/3887325 headlines...
[Rank 3] Encoded 230656/3887323 headlines...
[Rank 1] Encoded 141056/3887325 headlines...
[Rank 0] Encoded 230656/3887325 headlines...
[Rank 2] Encoded 243456/3887325 headlines...
[Rank 3] Encoded 243456/3887323 headlines...
[Rank 1] Encoded 153856/3887325 headlines...
[Rank 2] Encoded 256256/3887325 headlines...
[Rank 0] Encoded 243456/3887325 headlines...
[Rank 3] Encoded 256256/3887323 headlines...
[Rank 2] Encoded 269056/3887325 headlines...
[Rank 0] Encoded 256256/3887325 headlines...
[Rank 1] Encoded 166656/3887325 headlines...
[Rank 3] Encoded 269056/3887323 headlines...
[Rank 2] Encoded 281856/3887325 headlines...
[Rank 0] Encoded 269056/3887325 headlines...
[Rank 3] Encoded 281856/3887323 headlines...
[Rank 2] Encoded 294656/3887325 headlines...
[Rank 1] Encoded 179456/3887325 headlines...
[Rank 0] Encoded 281856/3887325 headlines...
[Rank 3] Encoded 294656/3887323 headlines...
[Rank 2] Encoded 307456/3887325 headlines...
[Rank 0] Encoded 294656/3887325 headlines...
[Rank 1] Encoded 192256/3887325 headlines...
[Rank 3] Encoded 307456/3887323 headlines...
[Rank 2] Encoded 320256/3887325 headlines...
[Rank 0] Encoded 307456/3887325 headlines...
[Rank 3] Encoded 320256/3887323 headlines...
[Rank 1] Encoded 205056/3887325 headlines...
[Rank 2] Encoded 333056/3887325 headlines...
[Rank 3] Encoded 333056/3887323 headlines...
[Rank 0] Encoded 320256/3887325 headlines...
[Rank 2] Encoded 345856/3887325 headlines...
[Rank 1] Encoded 217856/3887325 headlines...
[Rank 3] Encoded 345856/3887323 headlines...
[Rank 0] Encoded 333056/3887325 headlines...
[Rank 2] Encoded 358656/3887325 headlines...
[Rank 3] Encoded 358656/3887323 headlines...
[Rank 0] Encoded 345856/3887325 headlines...
[Rank 2] Encoded 371456/3887325 headlines...
[Rank 1] Encoded 230656/3887325 headlines...
[Rank 3] Encoded 371456/3887323 headlines...
[Rank 0] Encoded 358656/3887325 headlines...
[Rank 2] Encoded 384256/3887325 headlines...
[Rank 1] Encoded 243456/3887325 headlines...
[Rank 3] Encoded 384256/3887323 headlines...
[Rank 0] Encoded 371456/3887325 headlines...
[Rank 2] Encoded 397056/3887325 headlines...
[Rank 3] Encoded 397056/3887323 headlines...
[Rank 0] Encoded 384256/3887325 headlines...
[Rank 2] Encoded 409856/3887325 headlines...
[Rank 1] Encoded 256256/3887325 headlines...
[Rank 3] Encoded 409856/3887323 headlines...
[Rank 2] Encoded 422656/3887325 headlines...
[Rank 0] Encoded 397056/3887325 headlines...
[Rank 1] Encoded 269056/3887325 headlines...
[Rank 3] Encoded 422656/3887323 headlines...
[Rank 2] Encoded 435456/3887325 headlines...
[Rank 0] Encoded 409856/3887325 headlines...
[Rank 3] Encoded 435456/3887323 headlines...
[Rank 2] Encoded 448256/3887325 headlines...
[Rank 0] Encoded 422656/3887325 headlines...
[Rank 1] Encoded 281856/3887325 headlines...
[Rank 3] Encoded 448256/3887323 headlines...
[Rank 2] Encoded 461056/3887325 headlines...
[Rank 0] Encoded 435456/3887325 headlines...
[Rank 1] Encoded 294656/3887325 headlines...
[Rank 3] Encoded 461056/3887323 headlines...
[Rank 2] Encoded 473856/3887325 headlines...
[Rank 0] Encoded 448256/3887325 headlines...
[Rank 3] Encoded 473856/3887323 headlines...
[Rank 2] Encoded 486656/3887325 headlines...
[Rank 1] Encoded 307456/3887325 headlines...
[Rank 0] Encoded 461056/3887325 headlines...
[Rank 3] Encoded 486656/3887323 headlines...
[Rank 2] Encoded 499456/3887325 headlines...
[Rank 0] Encoded 473856/3887325 headlines...
[Rank 1] Encoded 320256/3887325 headlines...
[Rank 3] Encoded 499456/3887323 headlines...
[Rank 2] Encoded 512256/3887325 headlines...
[Rank 0] Encoded 486656/3887325 headlines...
[Rank 3] Encoded 512256/3887323 headlines...
[Rank 2] Encoded 525056/3887325 headlines...
[Rank 1] Encoded 333056/3887325 headlines...
[Rank 0] Encoded 499456/3887325 headlines...
[Rank 3] Encoded 525056/3887323 headlines...
[Rank 2] Encoded 537856/3887325 headlines...
[Rank 0] Encoded 512256/3887325 headlines...
[Rank 1] Encoded 345856/3887325 headlines...
[Rank 3] Encoded 537856/3887323 headlines...
[Rank 2] Encoded 550656/3887325 headlines...
[Rank 0] Encoded 525056/3887325 headlines...
[Rank 2] Encoded 563456/3887325 headlines...
[Rank 3] Encoded 550656/3887323 headlines...
[Rank 1] Encoded 358656/3887325 headlines...
[Rank 0] Encoded 537856/3887325 headlines...
[Rank 2] Encoded 576256/3887325 headlines...
[Rank 3] Encoded 563456/3887323 headlines...
[Rank 1] Encoded 371456/3887325 headlines...
[Rank 2] Encoded 589056/3887325 headlines...
[Rank 0] Encoded 550656/3887325 headlines...
[Rank 3] Encoded 576256/3887323 headlines...
[Rank 2] Encoded 601856/3887325 headlines...
[Rank 0] Encoded 563456/3887325 headlines...
[Rank 3] Encoded 589056/3887323 headlines...
[Rank 1] Encoded 384256/3887325 headlines...
[Rank 2] Encoded 614656/3887325 headlines...
[Rank 0] Encoded 576256/3887325 headlines...
[Rank 3] Encoded 601856/3887323 headlines...
[Rank 1] Encoded 397056/3887325 headlines...
[Rank 2] Encoded 627456/3887325 headlines...
[Rank 0] Encoded 589056/3887325 headlines...
[Rank 3] Encoded 614656/3887323 headlines...
[Rank 2] Encoded 640256/3887325 headlines...
[Rank 0] Encoded 601856/3887325 headlines...
[Rank 3] Encoded 627456/3887323 headlines...
[Rank 1] Encoded 409856/3887325 headlines...
[Rank 2] Encoded 653056/3887325 headlines...
[Rank 3] Encoded 640256/3887323 headlines...
[Rank 0] Encoded 614656/3887325 headlines...
[Rank 1] Encoded 422656/3887325 headlines...
[Rank 2] Encoded 665856/3887325 headlines...
[Rank 3] Encoded 653056/3887323 headlines...
[Rank 0] Encoded 627456/3887325 headlines...
[Rank 3] Encoded 665856/3887323 headlines...
[Rank 2] Encoded 678656/3887325 headlines...
[Rank 1] Encoded 435456/3887325 headlines...
[Rank 0] Encoded 640256/3887325 headlines...
[Rank 3] Encoded 678656/3887323 headlines...
[Rank 2] Encoded 691456/3887325 headlines...
[Rank 0] Encoded 653056/3887325 headlines...
[Rank 1] Encoded 448256/3887325 headlines...
[Rank 3] Encoded 691456/3887323 headlines...
[Rank 2] Encoded 704256/3887325 headlines...
[Rank 0] Encoded 665856/3887325 headlines...
[Rank 3] Encoded 704256/3887323 headlines...
[Rank 2] Encoded 717056/3887325 headlines...
[Rank 1] Encoded 461056/3887325 headlines...
[Rank 0] Encoded 678656/3887325 headlines...
[Rank 3] Encoded 717056/3887323 headlines...
[Rank 2] Encoded 729856/3887325 headlines...
[Rank 0] Encoded 691456/3887325 headlines...
[Rank 3] Encoded 729856/3887323 headlines...
[Rank 1] Encoded 473856/3887325 headlines...
[Rank 2] Encoded 742656/3887325 headlines...
[Rank 0] Encoded 704256/3887325 headlines...
[Rank 3] Encoded 742656/3887323 headlines...
[Rank 2] Encoded 755456/3887325 headlines...
[Rank 1] Encoded 486656/3887325 headlines...
[Rank 0] Encoded 717056/3887325 headlines...
[Rank 3] Encoded 755456/3887323 headlines...
[Rank 2] Encoded 768256/3887325 headlines...
[Rank 0] Encoded 729856/3887325 headlines...
[Rank 1] Encoded 499456/3887325 headlines...
[Rank 3] Encoded 768256/3887323 headlines...
[Rank 2] Encoded 781056/3887325 headlines...
[Rank 0] Encoded 742656/3887325 headlines...
[Rank 3] Encoded 781056/3887323 headlines...
[Rank 2] Encoded 793856/3887325 headlines...
[Rank 1] Encoded 512256/3887325 headlines...
[Rank 0] Encoded 755456/3887325 headlines...
[Rank 3] Encoded 793856/3887323 headlines...
[Rank 2] Encoded 806656/3887325 headlines...
[Rank 1] Encoded 525056/3887325 headlines...
[Rank 0] Encoded 768256/3887325 headlines...
[Rank 3] Encoded 806656/3887323 headlines...
[Rank 2] Encoded 819456/3887325 headlines...
[Rank 3] Encoded 819456/3887323 headlines...
[Rank 0] Encoded 781056/3887325 headlines...
[Rank 2] Encoded 832256/3887325 headlines...
[Rank 1] Encoded 537856/3887325 headlines...
[Rank 3] Encoded 832256/3887323 headlines...
[Rank 0] Encoded 793856/3887325 headlines...
[Rank 2] Encoded 845056/3887325 headlines...
[Rank 1] Encoded 550656/3887325 headlines...
[Rank 0] Encoded 806656/3887325 headlines...
[Rank 2] Encoded 857856/3887325 headlines...
[Rank 3] Encoded 845056/3887323 headlines...
[Rank 3] Encoded 857856/3887323 headlines...
[Rank 2] Encoded 870656/3887325 headlines...
[Rank 0] Encoded 819456/3887325 headlines...
[Rank 1] Encoded 563456/3887325 headlines...
[Rank 3] Encoded 870656/3887323 headlines...
[Rank 2] Encoded 883456/3887325 headlines...
[Rank 0] Encoded 832256/3887325 headlines...
[Rank 1] Encoded 576256/3887325 headlines...
[Rank 3] Encoded 883456/3887323 headlines...
[Rank 2] Encoded 896256/3887325 headlines...
[Rank 0] Encoded 845056/3887325 headlines...
[Rank 3] Encoded 896256/3887323 headlines...
[Rank 2] Encoded 909056/3887325 headlines...
[Rank 1] Encoded 589056/3887325 headlines...
[Rank 0] Encoded 857856/3887325 headlines...
[Rank 3] Encoded 909056/3887323 headlines...
[Rank 2] Encoded 921856/3887325 headlines...
[Rank 0] Encoded 870656/3887325 headlines...
[Rank 3] Encoded 921856/3887323 headlines...
[Rank 1] Encoded 601856/3887325 headlines...
[Rank 2] Encoded 934656/3887325 headlines...
[Rank 0] Encoded 883456/3887325 headlines...
[Rank 3] Encoded 934656/3887323 headlines...
[Rank 2] Encoded 947456/3887325 headlines...
[Rank 1] Encoded 614656/3887325 headlines...
[Rank 3] Encoded 947456/3887323 headlines...
[Rank 0] Encoded 896256/3887325 headlines...
[Rank 2] Encoded 960256/3887325 headlines...
[Rank 3] Encoded 960256/3887323 headlines...
[Rank 0] Encoded 909056/3887325 headlines...
[Rank 1] Encoded 627456/3887325 headlines...
[Rank 2] Encoded 973056/3887325 headlines...
[Rank 3] Encoded 973056/3887323 headlines...
[Rank 0] Encoded 921856/3887325 headlines...
[Rank 2] Encoded 985856/3887325 headlines...
[Rank 1] Encoded 640256/3887325 headlines...
[Rank 0] Encoded 934656/3887325 headlines...
[Rank 3] Encoded 985856/3887323 headlines...
[Rank 2] Encoded 998656/3887325 headlines...
[Rank 1] Encoded 653056/3887325 headlines...
[Rank 0] Encoded 947456/3887325 headlines...
[Rank 3] Encoded 998656/3887323 headlines...
[Rank 2] Encoded 1011456/3887325 headlines...
[Rank 0] Encoded 960256/3887325 headlines...
[Rank 3] Encoded 1011456/3887323 headlines...
[Rank 2] Encoded 1024256/3887325 headlines...
[Rank 1] Encoded 665856/3887325 headlines...
[Rank 3] Encoded 1024256/3887323 headlines...
[Rank 0] Encoded 973056/3887325 headlines...
[Rank 2] Encoded 1037056/3887325 headlines...
[Rank 1] Encoded 678656/3887325 headlines...
[Rank 3] Encoded 1037056/3887323 headlines...
[Rank 0] Encoded 985856/3887325 headlines...
[Rank 2] Encoded 1049856/3887325 headlines...
[Rank 3] Encoded 1049856/3887323 headlines...
[Rank 0] Encoded 998656/3887325 headlines...
[Rank 2] Encoded 1062656/3887325 headlines...
[Rank 1] Encoded 691456/3887325 headlines...
[Rank 3] Encoded 1062656/3887323 headlines...
[Rank 2] Encoded 1075456/3887325 headlines...
[Rank 0] Encoded 1011456/3887325 headlines...
[Rank 1] Encoded 704256/3887325 headlines...
[Rank 2] Encoded 1088256/3887325 headlines...
[Rank 3] Encoded 1075456/3887323 headlines...
[Rank 0] Encoded 1024256/3887325 headlines...
[Rank 3] Encoded 1088256/3887323 headlines...
[Rank 2] Encoded 1101056/3887325 headlines...
[Rank 0] Encoded 1037056/3887325 headlines...
[Rank 1] Encoded 717056/3887325 headlines...
[Rank 2] Encoded 1113856/3887325 headlines...
[Rank 3] Encoded 1101056/3887323 headlines...
[Rank 0] Encoded 1049856/3887325 headlines...
[Rank 2] Encoded 1126656/3887325 headlines...
[Rank 1] Encoded 729856/3887325 headlines...
[Rank 3] Encoded 1113856/3887323 headlines...
[Rank 0] Encoded 1062656/3887325 headlines...
[Rank 3] Encoded 1126656/3887323 headlines...
[Rank 2] Encoded 1139456/3887325 headlines...
[Rank 1] Encoded 742656/3887325 headlines...
[Rank 0] Encoded 1075456/3887325 headlines...
[Rank 2] Encoded 1152256/3887325 headlines...
[Rank 3] Encoded 1139456/3887323 headlines...
[Rank 0] Encoded 1088256/3887325 headlines...
[Rank 1] Encoded 755456/3887325 headlines...
[Rank 2] Encoded 1165056/3887325 headlines...
[Rank 3] Encoded 1152256/3887323 headlines...
[Rank 0] Encoded 1101056/3887325 headlines...
[Rank 2] Encoded 1177856/3887325 headlines...
[Rank 3] Encoded 1165056/3887323 headlines...
[Rank 1] Encoded 768256/3887325 headlines...
[Rank 0] Encoded 1113856/3887325 headlines...
[Rank 2] Encoded 1190656/3887325 headlines...
[Rank 3] Encoded 1177856/3887323 headlines...
[Rank 0] Encoded 1126656/3887325 headlines...
[Rank 3] Encoded 1190656/3887323 headlines...
[Rank 1] Encoded 781056/3887325 headlines...
[Rank 2] Encoded 1203456/3887325 headlines...
[Rank 3] Encoded 1203456/3887323 headlines...
[Rank 2] Encoded 1216256/3887325 headlines...
[Rank 0] Encoded 1139456/3887325 headlines...
[Rank 1] Encoded 793856/3887325 headlines...
[Rank 2] Encoded 1229056/3887325 headlines...
[Rank 0] Encoded 1152256/3887325 headlines...
[Rank 3] Encoded 1216256/3887323 headlines...
[Rank 2] Encoded 1241856/3887325 headlines...
[Rank 1] Encoded 806656/3887325 headlines...
[Rank 0] Encoded 1165056/3887325 headlines...
[Rank 3] Encoded 1229056/3887323 headlines...
[Rank 2] Encoded 1254656/3887325 headlines...
[Rank 0] Encoded 1177856/3887325 headlines...
[Rank 1] Encoded 819456/3887325 headlines...
[Rank 3] Encoded 1241856/3887323 headlines...
[Rank 1] Encoded 832256/3887325 headlines...
[Rank 2] Encoded 1267456/3887325 headlines...
[Rank 0] Encoded 1190656/3887325 headlines...
[Rank 3] Encoded 1254656/3887323 headlines...
[Rank 1] Encoded 845056/3887325 headlines...
[Rank 2] Encoded 1280256/3887325 headlines...
[Rank 0] Encoded 1203456/3887325 headlines...
[Rank 3] Encoded 1267456/3887323 headlines...
[Rank 1] Encoded 857856/3887325 headlines...
[Rank 2] Encoded 1293056/3887325 headlines...
[Rank 3] Encoded 1280256/3887323 headlines...
[Rank 1] Encoded 870656/3887325 headlines...
[Rank 0] Encoded 1216256/3887325 headlines...
[Rank 2] Encoded 1305856/3887325 headlines...
[Rank 1] Encoded 883456/3887325 headlines...
[Rank 3] Encoded 1293056/3887323 headlines...
[Rank 0] Encoded 1229056/3887325 headlines...
[Rank 2] Encoded 1318656/3887325 headlines...
[Rank 1] Encoded 896256/3887325 headlines...
[Rank 3] Encoded 1305856/3887323 headlines...
[Rank 0] Encoded 1241856/3887325 headlines...
[Rank 2] Encoded 1331456/3887325 headlines...
[Rank 1] Encoded 909056/3887325 headlines...
[Rank 3] Encoded 1318656/3887323 headlines...
[Rank 0] Encoded 1254656/3887325 headlines...
[Rank 2] Encoded 1344256/3887325 headlines...
[Rank 1] Encoded 921856/3887325 headlines...
[Rank 3] Encoded 1331456/3887323 headlines...
[Rank 1] Encoded 934656/3887325 headlines...
[Rank 0] Encoded 1267456/3887325 headlines...
[Rank 2] Encoded 1357056/3887325 headlines...
[Rank 3] Encoded 1344256/3887323 headlines...
[Rank 1] Encoded 947456/3887325 headlines...
[Rank 2] Encoded 1369856/3887325 headlines...
[Rank 0] Encoded 1280256/3887325 headlines...
[Rank 3] Encoded 1357056/3887323 headlines...
[Rank 1] Encoded 960256/3887325 headlines...
[Rank 2] Encoded 1382656/3887325 headlines...
[Rank 0] Encoded 1293056/3887325 headlines...
[Rank 1] Encoded 973056/3887325 headlines...
[Rank 3] Encoded 1369856/3887323 headlines...
[Rank 2] Encoded 1395456/3887325 headlines...
[Rank 1] Encoded 985856/3887325 headlines...
[Rank 0] Encoded 1305856/3887325 headlines...
[Rank 3] Encoded 1382656/3887323 headlines...
[Rank 2] Encoded 1408256/3887325 headlines...
[Rank 1] Encoded 998656/3887325 headlines...
[Rank 0] Encoded 1318656/3887325 headlines...
[Rank 3] Encoded 1395456/3887323 headlines...
[Rank 2] Encoded 1421056/3887325 headlines...
[Rank 1] Encoded 1011456/3887325 headlines...
[Rank 0] Encoded 1331456/3887325 headlines...
[Rank 3] Encoded 1408256/3887323 headlines...
[Rank 1] Encoded 1024256/3887325 headlines...
[Rank 2] Encoded 1433856/3887325 headlines...
[Rank 0] Encoded 1344256/3887325 headlines...
[Rank 3] Encoded 1421056/3887323 headlines...
[Rank 1] Encoded 1037056/3887325 headlines...
[Rank 2] Encoded 1446656/3887325 headlines...
[Rank 0] Encoded 1357056/3887325 headlines...
[Rank 3] Encoded 1433856/3887323 headlines...
[Rank 1] Encoded 1049856/3887325 headlines...
[Rank 2] Encoded 1459456/3887325 headlines...
[Rank 1] Encoded 1062656/3887325 headlines...
[Rank 0] Encoded 1369856/3887325 headlines...
[Rank 3] Encoded 1446656/3887323 headlines...
[Rank 2] Encoded 1472256/3887325 headlines...
[Rank 1] Encoded 1075456/3887325 headlines...
[Rank 3] Encoded 1459456/3887323 headlines...
[Rank 0] Encoded 1382656/3887325 headlines...
[Rank 2] Encoded 1485056/3887325 headlines...
[Rank 1] Encoded 1088256/3887325 headlines...
[Rank 3] Encoded 1472256/3887323 headlines...
[Rank 0] Encoded 1395456/3887325 headlines...
[Rank 1] Encoded 1101056/3887325 headlines...
[Rank 2] Encoded 1497856/3887325 headlines...
[Rank 3] Encoded 1485056/3887323 headlines...
[Rank 0] Encoded 1408256/3887325 headlines...
[Rank 1] Encoded 1113856/3887325 headlines...
[Rank 2] Encoded 1510656/3887325 headlines...
[Rank 3] Encoded 1497856/3887323 headlines...
[Rank 1] Encoded 1126656/3887325 headlines...
[Rank 0] Encoded 1421056/3887325 headlines...
[Rank 2] Encoded 1523456/3887325 headlines...
[Rank 3] Encoded 1510656/3887323 headlines...
[Rank 1] Encoded 1139456/3887325 headlines...
[Rank 0] Encoded 1433856/3887325 headlines...
[Rank 2] Encoded 1536256/3887325 headlines...
[Rank 1] Encoded 1152256/3887325 headlines...
[Rank 3] Encoded 1523456/3887323 headlines...
[Rank 2] Encoded 1549056/3887325 headlines...
[Rank 0] Encoded 1446656/3887325 headlines...
[Rank 1] Encoded 1165056/3887325 headlines...
[Rank 3] Encoded 1536256/3887323 headlines...
[Rank 2] Encoded 1561856/3887325 headlines...
[Rank 0] Encoded 1459456/3887325 headlines...
[Rank 1] Encoded 1177856/3887325 headlines...
[Rank 3] Encoded 1549056/3887323 headlines...
[Rank 2] Encoded 1574656/3887325 headlines...
[Rank 1] Encoded 1190656/3887325 headlines...
[Rank 0] Encoded 1472256/3887325 headlines...
[Rank 3] Encoded 1561856/3887323 headlines...
[Rank 1] Encoded 1203456/3887325 headlines...
[Rank 2] Encoded 1587456/3887325 headlines...
[Rank 0] Encoded 1485056/3887325 headlines...
[Rank 3] Encoded 1574656/3887323 headlines...
[Rank 1] Encoded 1216256/3887325 headlines...
[Rank 2] Encoded 1600256/3887325 headlines...
[Rank 0] Encoded 1497856/3887325 headlines...
[Rank 3] Encoded 1587456/3887323 headlines...
[Rank 1] Encoded 1229056/3887325 headlines...
[Rank 2] Encoded 1613056/3887325 headlines...
[Rank 0] Encoded 1510656/3887325 headlines...
[Rank 1] Encoded 1241856/3887325 headlines...
[Rank 3] Encoded 1600256/3887323 headlines...
[Rank 2] Encoded 1625856/3887325 headlines...
[Rank 1] Encoded 1254656/3887325 headlines...
[Rank 0] Encoded 1523456/3887325 headlines...
[Rank 3] Encoded 1613056/3887323 headlines...
[Rank 2] Encoded 1638656/3887325 headlines...
[Rank 1] Encoded 1267456/3887325 headlines...
[Rank 0] Encoded 1536256/3887325 headlines...
[Rank 3] Encoded 1625856/3887323 headlines...
[Rank 2] Encoded 1651456/3887325 headlines...
[Rank 1] Encoded 1280256/3887325 headlines...
[Rank 0] Encoded 1549056/3887325 headlines...
[Rank 3] Encoded 1638656/3887323 headlines...
[Rank 1] Encoded 1293056/3887325 headlines...
[Rank 2] Encoded 1664256/3887325 headlines...
[Rank 0] Encoded 1561856/3887325 headlines...
[Rank 3] Encoded 1651456/3887323 headlines...
[Rank 1] Encoded 1305856/3887325 headlines...
[Rank 2] Encoded 1677056/3887325 headlines...
[Rank 1] Encoded 1318656/3887325 headlines...
[Rank 0] Encoded 1574656/3887325 headlines...
[Rank 3] Encoded 1664256/3887323 headlines...
[Rank 2] Encoded 1689856/3887325 headlines...
[Rank 1] Encoded 1331456/3887325 headlines...
[Rank 0] Encoded 1587456/3887325 headlines...
[Rank 3] Encoded 1677056/3887323 headlines...
[Rank 2] Encoded 1702656/3887325 headlines...
[Rank 1] Encoded 1344256/3887325 headlines...
[Rank 3] Encoded 1689856/3887323 headlines...
[Rank 2] Encoded 1715456/3887325 headlines...
[Rank 0] Encoded 1600256/3887325 headlines...
[Rank 1] Encoded 1357056/3887325 headlines...
[Rank 3] Encoded 1702656/3887323 headlines...
[Rank 2] Encoded 1728256/3887325 headlines...
[Rank 0] Encoded 1613056/3887325 headlines...
[Rank 1] Encoded 1369856/3887325 headlines...
[Rank 3] Encoded 1715456/3887323 headlines...
[Rank 1] Encoded 1382656/3887325 headlines...
[Rank 0] Encoded 1625856/3887325 headlines...
[Rank 2] Encoded 1741056/3887325 headlines...
[Rank 1] Encoded 1395456/3887325 headlines...
[Rank 3] Encoded 1728256/3887323 headlines...
[Rank 0] Encoded 1638656/3887325 headlines...
[Rank 2] Encoded 1753856/3887325 headlines...
[Rank 1] Encoded 1408256/3887325 headlines...
[Rank 3] Encoded 1741056/3887323 headlines...
[Rank 2] Encoded 1766656/3887325 headlines...
[Rank 0] Encoded 1651456/3887325 headlines...
[Rank 1] Encoded 1421056/3887325 headlines...
[Rank 3] Encoded 1753856/3887323 headlines...
[Rank 2] Encoded 1779456/3887325 headlines...
[Rank 1] Encoded 1433856/3887325 headlines...
[Rank 0] Encoded 1664256/3887325 headlines...
[Rank 3] Encoded 1766656/3887323 headlines...
[Rank 2] Encoded 1792256/3887325 headlines...
[Rank 1] Encoded 1446656/3887325 headlines...
[Rank 0] Encoded 1677056/3887325 headlines...
[Rank 3] Encoded 1779456/3887323 headlines...
[Rank 1] Encoded 1459456/3887325 headlines...
[Rank 2] Encoded 1805056/3887325 headlines...
[Rank 0] Encoded 1689856/3887325 headlines...
[Rank 3] Encoded 1792256/3887323 headlines...
[Rank 1] Encoded 1472256/3887325 headlines...
[Rank 2] Encoded 1817856/3887325 headlines...
[Rank 0] Encoded 1702656/3887325 headlines...
[Rank 1] Encoded 1485056/3887325 headlines...
[Rank 3] Encoded 1805056/3887323 headlines...
[Rank 2] Encoded 1830656/3887325 headlines...
[Rank 1] Encoded 1497856/3887325 headlines...
[Rank 0] Encoded 1715456/3887325 headlines...
[Rank 3] Encoded 1817856/3887323 headlines...
[Rank 2] Encoded 1843456/3887325 headlines...
[Rank 1] Encoded 1510656/3887325 headlines...
[Rank 0] Encoded 1728256/3887325 headlines...
[Rank 3] Encoded 1830656/3887323 headlines...
[Rank 2] Encoded 1856256/3887325 headlines...
[Rank 1] Encoded 1523456/3887325 headlines...
[Rank 0] Encoded 1741056/3887325 headlines...
[Rank 3] Encoded 1843456/3887323 headlines...
[Rank 2] Encoded 1869056/3887325 headlines...
[Rank 1] Encoded 1536256/3887325 headlines...
[Rank 0] Encoded 1753856/3887325 headlines...
[Rank 3] Encoded 1856256/3887323 headlines...
[Rank 2] Encoded 1881856/3887325 headlines...
[Rank 1] Encoded 1549056/3887325 headlines...
[Rank 3] Encoded 1869056/3887323 headlines...
[Rank 0] Encoded 1766656/3887325 headlines...
[Rank 1] Encoded 1561856/3887325 headlines...
[Rank 2] Encoded 1894656/3887325 headlines...
[Rank 1] Encoded 1574656/3887325 headlines...
[Rank 3] Encoded 1881856/3887323 headlines...
[Rank 0] Encoded 1779456/3887325 headlines...
[Rank 2] Encoded 1907456/3887325 headlines...
[Rank 1] Encoded 1587456/3887325 headlines...
[Rank 3] Encoded 1894656/3887323 headlines...
[Rank 0] Encoded 1792256/3887325 headlines...
[Rank 2] Encoded 1920256/3887325 headlines...
[Rank 1] Encoded 1600256/3887325 headlines...
[Rank 3] Encoded 1907456/3887323 headlines...
[Rank 0] Encoded 1805056/3887325 headlines...
[Rank 2] Encoded 1933056/3887325 headlines...
[Rank 1] Encoded 1613056/3887325 headlines...
[Rank 3] Encoded 1920256/3887323 headlines...
[Rank 0] Encoded 1817856/3887325 headlines...
[Rank 2] Encoded 1945856/3887325 headlines...
[Rank 1] Encoded 1625856/3887325 headlines...
[Rank 3] Encoded 1933056/3887323 headlines...
[Rank 1] Encoded 1638656/3887325 headlines...
[Rank 2] Encoded 1958656/3887325 headlines...
[Rank 0] Encoded 1830656/3887325 headlines...
[Rank 3] Encoded 1945856/3887323 headlines...
[Rank 1] Encoded 1651456/3887325 headlines...
[Rank 2] Encoded 1971456/3887325 headlines...
[Rank 0] Encoded 1843456/3887325 headlines...
[Rank 1] Encoded 1664256/3887325 headlines...
[Rank 3] Encoded 1958656/3887323 headlines...
[Rank 2] Encoded 1984256/3887325 headlines...
[Rank 0] Encoded 1856256/3887325 headlines...
[Rank 1] Encoded 1677056/3887325 headlines...
[Rank 3] Encoded 1971456/3887323 headlines...
[Rank 2] Encoded 1997056/3887325 headlines...
[Rank 0] Encoded 1869056/3887325 headlines...
[Rank 1] Encoded 1689856/3887325 headlines...
[Rank 3] Encoded 1984256/3887323 headlines...
[Rank 2] Encoded 2009856/3887325 headlines...
[Rank 1] Encoded 1702656/3887325 headlines...
[Rank 0] Encoded 1881856/3887325 headlines...
[Rank 3] Encoded 1997056/3887323 headlines...
[Rank 2] Encoded 2022656/3887325 headlines...
[Rank 1] Encoded 1715456/3887325 headlines...
[Rank 0] Encoded 1894656/3887325 headlines...
[Rank 3] Encoded 2009856/3887323 headlines...
[Rank 1] Encoded 1728256/3887325 headlines...
[Rank 2] Encoded 2035456/3887325 headlines...
[Rank 0] Encoded 1907456/3887325 headlines...
[Rank 3] Encoded 2022656/3887323 headlines...
[Rank 1] Encoded 1741056/3887325 headlines...
[Rank 2] Encoded 2048256/3887325 headlines...
[Rank 0] Encoded 1920256/3887325 headlines...
[Rank 3] Encoded 2035456/3887323 headlines...
[Rank 2] Encoded 2061056/3887325 headlines...
[Rank 1] Encoded 1753856/3887325 headlines...
[Rank 0] Encoded 1933056/3887325 headlines...
[Rank 3] Encoded 2048256/3887323 headlines...
[Rank 1] Encoded 1766656/3887325 headlines...
[Rank 2] Encoded 2073856/3887325 headlines...
[Rank 0] Encoded 1945856/3887325 headlines...
[Rank 1] Encoded 1779456/3887325 headlines...
[Rank 3] Encoded 2061056/3887323 headlines...
[Rank 2] Encoded 2086656/3887325 headlines...
[Rank 1] Encoded 1792256/3887325 headlines...
[Rank 0] Encoded 1958656/3887325 headlines...
[Rank 3] Encoded 2073856/3887323 headlines...
[Rank 2] Encoded 2099456/3887325 headlines...
[Rank 1] Encoded 1805056/3887325 headlines...
[Rank 0] Encoded 1971456/3887325 headlines...
[Rank 2] Encoded 2112256/3887325 headlines...
[Rank 3] Encoded 2086656/3887323 headlines...
[Rank 1] Encoded 1817856/3887325 headlines...
[Rank 0] Encoded 1984256/3887325 headlines...
[Rank 3] Encoded 2099456/3887323 headlines...
[Rank 2] Encoded 2125056/3887325 headlines...
[Rank 1] Encoded 1830656/3887325 headlines...
[Rank 3] Encoded 2112256/3887323 headlines...
[Rank 0] Encoded 1997056/3887325 headlines...
[Rank 2] Encoded 2137856/3887325 headlines...
[Rank 1] Encoded 1843456/3887325 headlines...
[Rank 3] Encoded 2125056/3887323 headlines...
[Rank 0] Encoded 2009856/3887325 headlines...
[Rank 1] Encoded 1856256/3887325 headlines...
[Rank 2] Encoded 2150656/3887325 headlines...
[Rank 1] Encoded 1869056/3887325 headlines...
[Rank 3] Encoded 2137856/3887323 headlines...
[Rank 0] Encoded 2022656/3887325 headlines...
[Rank 2] Encoded 2163456/3887325 headlines...
[Rank 1] Encoded 1881856/3887325 headlines...
[Rank 3] Encoded 2150656/3887323 headlines...
[Rank 0] Encoded 2035456/3887325 headlines...
[Rank 2] Encoded 2176256/3887325 headlines...
[Rank 1] Encoded 1894656/3887325 headlines...
[Rank 3] Encoded 2163456/3887323 headlines...
[Rank 2] Encoded 2189056/3887325 headlines...
[Rank 0] Encoded 2048256/3887325 headlines...
[Rank 1] Encoded 1907456/3887325 headlines...
[Rank 3] Encoded 2176256/3887323 headlines...
[Rank 2] Encoded 2201856/3887325 headlines...
[Rank 0] Encoded 2061056/3887325 headlines...
[Rank 1] Encoded 1920256/3887325 headlines...
[Rank 3] Encoded 2189056/3887323 headlines...
[Rank 2] Encoded 2214656/3887325 headlines...
[Rank 1] Encoded 1933056/3887325 headlines...
[Rank 0] Encoded 2073856/3887325 headlines...
[Rank 3] Encoded 2201856/3887323 headlines...
[Rank 1] Encoded 1945856/3887325 headlines...
[Rank 2] Encoded 2227456/3887325 headlines...
[Rank 0] Encoded 2086656/3887325 headlines...
[Rank 1] Encoded 1958656/3887325 headlines...
[Rank 3] Encoded 2214656/3887323 headlines...
[Rank 2] Encoded 2240256/3887325 headlines...
[Rank 0] Encoded 2099456/3887325 headlines...
[Rank 1] Encoded 1971456/3887325 headlines...
[Rank 3] Encoded 2227456/3887323 headlines...
[Rank 2] Encoded 2253056/3887325 headlines...
[Rank 0] Encoded 2112256/3887325 headlines...
[Rank 1] Encoded 1984256/3887325 headlines...
[Rank 3] Encoded 2240256/3887323 headlines...
[Rank 2] Encoded 2265856/3887325 headlines...
[Rank 0] Encoded 2125056/3887325 headlines...
[Rank 1] Encoded 1997056/3887325 headlines...
[Rank 3] Encoded 2253056/3887323 headlines...
[Rank 2] Encoded 2278656/3887325 headlines...
[Rank 1] Encoded 2009856/3887325 headlines...
[Rank 3] Encoded 2265856/3887323 headlines...
[Rank 0] Encoded 2137856/3887325 headlines...
[Rank 1] Encoded 2022656/3887325 headlines...
[Rank 2] Encoded 2291456/3887325 headlines...
[Rank 3] Encoded 2278656/3887323 headlines...
[Rank 0] Encoded 2150656/3887325 headlines...
[Rank 1] Encoded 2035456/3887325 headlines...
[Rank 2] Encoded 2304256/3887325 headlines...
[Rank 3] Encoded 2291456/3887323 headlines...
[Rank 0] Encoded 2163456/3887325 headlines...
[Rank 1] Encoded 2048256/3887325 headlines...
[Rank 2] Encoded 2317056/3887325 headlines...
[Rank 3] Encoded 2304256/3887323 headlines...
[Rank 0] Encoded 2176256/3887325 headlines...
[Rank 1] Encoded 2061056/3887325 headlines...
[Rank 2] Encoded 2329856/3887325 headlines...
[Rank 3] Encoded 2317056/3887323 headlines...
[Rank 1] Encoded 2073856/3887325 headlines...
[Rank 0] Encoded 2189056/3887325 headlines...
[Rank 2] Encoded 2342656/3887325 headlines...
[Rank 1] Encoded 2086656/3887325 headlines...
[Rank 3] Encoded 2329856/3887323 headlines...
[Rank 0] Encoded 2201856/3887325 headlines...
[Rank 2] Encoded 2355456/3887325 headlines...
[Rank 1] Encoded 2099456/3887325 headlines...
[Rank 3] Encoded 2342656/3887323 headlines...
[Rank 1] Encoded 2112256/3887325 headlines...
[Rank 2] Encoded 2368256/3887325 headlines...
[Rank 0] Encoded 2214656/3887325 headlines...
[Rank 3] Encoded 2355456/3887323 headlines...
[Rank 1] Encoded 2125056/3887325 headlines...
[Rank 2] Encoded 2381056/3887325 headlines...
[Rank 0] Encoded 2227456/3887325 headlines...
[Rank 3] Encoded 2368256/3887323 headlines...
[Rank 1] Encoded 2137856/3887325 headlines...
[Rank 2] Encoded 2393856/3887325 headlines...
[Rank 0] Encoded 2240256/3887325 headlines...
[Rank 3] Encoded 2381056/3887323 headlines...
[Rank 1] Encoded 2150656/3887325 headlines...
[Rank 2] Encoded 2406656/3887325 headlines...
[Rank 0] Encoded 2253056/3887325 headlines...
[Rank 1] Encoded 2163456/3887325 headlines...
[Rank 3] Encoded 2393856/3887323 headlines...
[Rank 2] Encoded 2419456/3887325 headlines...
[Rank 0] Encoded 2265856/3887325 headlines...
[Rank 1] Encoded 2176256/3887325 headlines...
[Rank 3] Encoded 2406656/3887323 headlines...
[Rank 2] Encoded 2432256/3887325 headlines...
[Rank 0] Encoded 2278656/3887325 headlines...
[Rank 1] Encoded 2189056/3887325 headlines...
[Rank 3] Encoded 2419456/3887323 headlines...
[Rank 2] Encoded 2445056/3887325 headlines...
[Rank 1] Encoded 2201856/3887325 headlines...
[Rank 0] Encoded 2291456/3887325 headlines...
[Rank 3] Encoded 2432256/3887323 headlines...
[Rank 1] Encoded 2214656/3887325 headlines...
[Rank 2] Encoded 2457856/3887325 headlines...
[Rank 0] Encoded 2304256/3887325 headlines...
[Rank 3] Encoded 2445056/3887323 headlines...
[Rank 1] Encoded 2227456/3887325 headlines...
[Rank 2] Encoded 2470656/3887325 headlines...
[Rank 0] Encoded 2317056/3887325 headlines...
[Rank 3] Encoded 2457856/3887323 headlines...
[Rank 1] Encoded 2240256/3887325 headlines...
[Rank 2] Encoded 2483456/3887325 headlines...
[Rank 0] Encoded 2329856/3887325 headlines...
[Rank 1] Encoded 2253056/3887325 headlines...
[Rank 3] Encoded 2470656/3887323 headlines...
[Rank 2] Encoded 2496256/3887325 headlines...
[Rank 1] Encoded 2265856/3887325 headlines...
[Rank 3] Encoded 2483456/3887323 headlines...
[Rank 0] Encoded 2342656/3887325 headlines...
[Rank 1] Encoded 2278656/3887325 headlines...
[Rank 2] Encoded 2509056/3887325 headlines...
[Rank 3] Encoded 2496256/3887323 headlines...
[Rank 0] Encoded 2355456/3887325 headlines...
[Rank 2] Encoded 2521856/3887325 headlines...
[Rank 1] Encoded 2291456/3887325 headlines...
[Rank 3] Encoded 2509056/3887323 headlines...
[Rank 0] Encoded 2368256/3887325 headlines...
[Rank 2] Encoded 2534656/3887325 headlines...
[Rank 1] Encoded 2304256/3887325 headlines...
[Rank 3] Encoded 2521856/3887323 headlines...
[Rank 0] Encoded 2381056/3887325 headlines...
[Rank 1] Encoded 2317056/3887325 headlines...
[Rank 2] Encoded 2547456/3887325 headlines...
[Rank 3] Encoded 2534656/3887323 headlines...
[Rank 1] Encoded 2329856/3887325 headlines...
[Rank 0] Encoded 2393856/3887325 headlines...
[Rank 2] Encoded 2560256/3887325 headlines...
[Rank 1] Encoded 2342656/3887325 headlines...
[Rank 3] Encoded 2547456/3887323 headlines...
[Rank 2] Encoded 2573056/3887325 headlines...
[Rank 0] Encoded 2406656/3887325 headlines...
[Rank 1] Encoded 2355456/3887325 headlines...
[Rank 3] Encoded 2560256/3887323 headlines...
[Rank 2] Encoded 2585856/3887325 headlines...
[Rank 0] Encoded 2419456/3887325 headlines...
[Rank 1] Encoded 2368256/3887325 headlines...
[Rank 3] Encoded 2573056/3887323 headlines...
[Rank 2] Encoded 2598656/3887325 headlines...
[Rank 0] Encoded 2432256/3887325 headlines...
[Rank 1] Encoded 2381056/3887325 headlines...
[Rank 3] Encoded 2585856/3887323 headlines...
[Rank 2] Encoded 2611456/3887325 headlines...
[Rank 0] Encoded 2445056/3887325 headlines...
[Rank 1] Encoded 2393856/3887325 headlines...
[Rank 3] Encoded 2598656/3887323 headlines...
[Rank 2] Encoded 2624256/3887325 headlines...
[Rank 1] Encoded 2406656/3887325 headlines...
[Rank 0] Encoded 2457856/3887325 headlines...
[Rank 3] Encoded 2611456/3887323 headlines...
[Rank 1] Encoded 2419456/3887325 headlines...
[Rank 2] Encoded 2637056/3887325 headlines...
[Rank 0] Encoded 2470656/3887325 headlines...
[Rank 3] Encoded 2624256/3887323 headlines...
[Rank 1] Encoded 2432256/3887325 headlines...
[Rank 2] Encoded 2649856/3887325 headlines...
[Rank 0] Encoded 2483456/3887325 headlines...
[Rank 3] Encoded 2637056/3887323 headlines...
[Rank 1] Encoded 2445056/3887325 headlines...
[Rank 2] Encoded 2662656/3887325 headlines...
[Rank 0] Encoded 2496256/3887325 headlines...
[Rank 1] Encoded 2457856/3887325 headlines...
[Rank 3] Encoded 2649856/3887323 headlines...
[Rank 2] Encoded 2675456/3887325 headlines...
[Rank 1] Encoded 2470656/3887325 headlines...
[Rank 3] Encoded 2662656/3887323 headlines...
[Rank 0] Encoded 2509056/3887325 headlines...
[Rank 1] Encoded 2483456/3887325 headlines...
[Rank 2] Encoded 2688256/3887325 headlines...
[Rank 3] Encoded 2675456/3887323 headlines...
[Rank 1] Encoded 2496256/3887325 headlines...
[Rank 2] Encoded 2701056/3887325 headlines...
[Rank 0] Encoded 2521856/3887325 headlines...
[Rank 3] Encoded 2688256/3887323 headlines...
[Rank 1] Encoded 2509056/3887325 headlines...
[Rank 2] Encoded 2713856/3887325 headlines...
[Rank 3] Encoded 2701056/3887323 headlines...
[Rank 0] Encoded 2534656/3887325 headlines...
[Rank 1] Encoded 2521856/3887325 headlines...
[Rank 2] Encoded 2726656/3887325 headlines...
[Rank 3] Encoded 2713856/3887323 headlines...
[Rank 1] Encoded 2534656/3887325 headlines...
[Rank 0] Encoded 2547456/3887325 headlines...
[Rank 2] Encoded 2739456/3887325 headlines...
[Rank 1] Encoded 2547456/3887325 headlines...
[Rank 3] Encoded 2726656/3887323 headlines...
[Rank 2] Encoded 2752256/3887325 headlines...
[Rank 1] Encoded 2560256/3887325 headlines...
[Rank 0] Encoded 2560256/3887325 headlines...
[Rank 3] Encoded 2739456/3887323 headlines...
[Rank 1] Encoded 2573056/3887325 headlines...
[Rank 2] Encoded 2765056/3887325 headlines...
[Rank 3] Encoded 2752256/3887323 headlines...
[Rank 0] Encoded 2573056/3887325 headlines...
[Rank 1] Encoded 2585856/3887325 headlines...
[Rank 2] Encoded 2777856/3887325 headlines...
[Rank 3] Encoded 2765056/3887323 headlines...
[Rank 1] Encoded 2598656/3887325 headlines...
[Rank 0] Encoded 2585856/3887325 headlines...
[Rank 2] Encoded 2790656/3887325 headlines...
[Rank 3] Encoded 2777856/3887323 headlines...
[Rank 1] Encoded 2611456/3887325 headlines...
[Rank 2] Encoded 2803456/3887325 headlines...
[Rank 0] Encoded 2598656/3887325 headlines...
[Rank 3] Encoded 2790656/3887323 headlines...
[Rank 1] Encoded 2624256/3887325 headlines...
[Rank 2] Encoded 2816256/3887325 headlines...
[Rank 1] Encoded 2637056/3887325 headlines...
[Rank 3] Encoded 2803456/3887323 headlines...
[Rank 0] Encoded 2611456/3887325 headlines...
[Rank 2] Encoded 2829056/3887325 headlines...
[Rank 1] Encoded 2649856/3887325 headlines...
[Rank 3] Encoded 2816256/3887323 headlines...
[Rank 1] Encoded 2662656/3887325 headlines...
[Rank 2] Encoded 2841856/3887325 headlines...
[Rank 0] Encoded 2624256/3887325 headlines...
[Rank 3] Encoded 2829056/3887323 headlines...
[Rank 2] Encoded 2854656/3887325 headlines...
[Rank 1] Encoded 2675456/3887325 headlines...
[Rank 0] Encoded 2637056/3887325 headlines...
[Rank 3] Encoded 2841856/3887323 headlines...
[Rank 2] Encoded 2867456/3887325 headlines...
[Rank 1] Encoded 2688256/3887325 headlines...
[Rank 3] Encoded 2854656/3887323 headlines...
[Rank 0] Encoded 2649856/3887325 headlines...
[Rank 2] Encoded 2880256/3887325 headlines...
[Rank 1] Encoded 2701056/3887325 headlines...
[Rank 3] Encoded 2867456/3887323 headlines...
[Rank 0] Encoded 2662656/3887325 headlines...
[Rank 1] Encoded 2713856/3887325 headlines...
[Rank 2] Encoded 2893056/3887325 headlines...
[Rank 3] Encoded 2880256/3887323 headlines...
[Rank 1] Encoded 2726656/3887325 headlines...
[Rank 2] Encoded 2905856/3887325 headlines...
[Rank 0] Encoded 2675456/3887325 headlines...
[Rank 3] Encoded 2893056/3887323 headlines...
[Rank 1] Encoded 2739456/3887325 headlines...
[Rank 2] Encoded 2918656/3887325 headlines...
[Rank 0] Encoded 2688256/3887325 headlines...
[Rank 3] Encoded 2905856/3887323 headlines...
[Rank 1] Encoded 2752256/3887325 headlines...
[Rank 2] Encoded 2931456/3887325 headlines...
[Rank 3] Encoded 2918656/3887323 headlines...
[Rank 1] Encoded 2765056/3887325 headlines...
[Rank 2] Encoded 2944256/3887325 headlines...
[Rank 0] Encoded 2701056/3887325 headlines...
[Rank 3] Encoded 2931456/3887323 headlines...
[Rank 1] Encoded 2777856/3887325 headlines...
[Rank 2] Encoded 2957056/3887325 headlines...
[Rank 0] Encoded 2713856/3887325 headlines...
[Rank 1] Encoded 2790656/3887325 headlines...
[Rank 3] Encoded 2944256/3887323 headlines...
[Rank 2] Encoded 2969856/3887325 headlines...
[Rank 1] Encoded 2803456/3887325 headlines...
[Rank 0] Encoded 2726656/3887325 headlines...
[Rank 3] Encoded 2957056/3887323 headlines...
[Rank 2] Encoded 2982656/3887325 headlines...
[Rank 1] Encoded 2816256/3887325 headlines...
[Rank 3] Encoded 2969856/3887323 headlines...
[Rank 2] Encoded 2995456/3887325 headlines...
[Rank 0] Encoded 2739456/3887325 headlines...
[Rank 1] Encoded 2829056/3887325 headlines...
[Rank 3] Encoded 2982656/3887323 headlines...
[Rank 2] Encoded 3008256/3887325 headlines...
[Rank 0] Encoded 2752256/3887325 headlines...
[Rank 1] Encoded 2841856/3887325 headlines...
[Rank 3] Encoded 2995456/3887323 headlines...
[Rank 2] Encoded 3021056/3887325 headlines...
[Rank 3] Encoded 3008256/3887323 headlines...
[Rank 1] Encoded 2854656/3887325 headlines...
[Rank 0] Encoded 2765056/3887325 headlines...
[Rank 2] Encoded 3033856/3887325 headlines...
[Rank 3] Encoded 3021056/3887323 headlines...
[Rank 1] Encoded 2867456/3887325 headlines...
[Rank 2] Encoded 3046656/3887325 headlines...
[Rank 0] Encoded 2777856/3887325 headlines...
[Rank 3] Encoded 3033856/3887323 headlines...
[Rank 1] Encoded 2880256/3887325 headlines...
[Rank 2] Encoded 3059456/3887325 headlines...
[Rank 0] Encoded 2790656/3887325 headlines...
[Rank 1] Encoded 2893056/3887325 headlines...
[Rank 3] Encoded 3046656/3887323 headlines...
[Rank 2] Encoded 3072256/3887325 headlines...
[Rank 2] Encoded 3085056/3887325 headlines...
[Rank 1] Encoded 2905856/3887325 headlines...
[Rank 3] Encoded 3059456/3887323 headlines...
[Rank 0] Encoded 2803456/3887325 headlines...
[Rank 2] Encoded 3097856/3887325 headlines...
[Rank 1] Encoded 2918656/3887325 headlines...
[Rank 3] Encoded 3072256/3887323 headlines...
[Rank 0] Encoded 2816256/3887325 headlines...
[Rank 2] Encoded 3110656/3887325 headlines...
[Rank 1] Encoded 2931456/3887325 headlines...
[Rank 3] Encoded 3085056/3887323 headlines...
[Rank 2] Encoded 3123456/3887325 headlines...
[Rank 0] Encoded 2829056/3887325 headlines...
[Rank 3] Encoded 3097856/3887323 headlines...
[Rank 1] Encoded 2944256/3887325 headlines...
[Rank 2] Encoded 3136256/3887325 headlines...
[Rank 3] Encoded 3110656/3887323 headlines...
[Rank 1] Encoded 2957056/3887325 headlines...
[Rank 0] Encoded 2841856/3887325 headlines...
[Rank 1] Encoded 2969856/3887325 headlines...
[Rank 2] Encoded 3149056/3887325 headlines...
[Rank 3] Encoded 3123456/3887323 headlines...
[Rank 0] Encoded 2854656/3887325 headlines...
[Rank 2] Encoded 3161856/3887325 headlines...
[Rank 3] Encoded 3136256/3887323 headlines...
[Rank 1] Encoded 2982656/3887325 headlines...
[Rank 2] Encoded 3174656/3887325 headlines...
[Rank 0] Encoded 2867456/3887325 headlines...
[Rank 3] Encoded 3149056/3887323 headlines...
[Rank 1] Encoded 2995456/3887325 headlines...
[Rank 2] Encoded 3187456/3887325 headlines...
[Rank 1] Encoded 3008256/3887325 headlines...
[Rank 3] Encoded 3161856/3887323 headlines...
[Rank 0] Encoded 2880256/3887325 headlines...
[Rank 2] Encoded 3200256/3887325 headlines...
[Rank 3] Encoded 3174656/3887323 headlines...
[Rank 1] Encoded 3021056/3887325 headlines...
[Rank 0] Encoded 2893056/3887325 headlines...
[Rank 2] Encoded 3213056/3887325 headlines...
[Rank 3] Encoded 3187456/3887323 headlines...
[Rank 1] Encoded 3033856/3887325 headlines...
[Rank 2] Encoded 3225856/3887325 headlines...
[Rank 3] Encoded 3200256/3887323 headlines...
[Rank 1] Encoded 3046656/3887325 headlines...
[Rank 0] Encoded 2905856/3887325 headlines...
[Rank 3] Encoded 3213056/3887323 headlines...
[Rank 2] Encoded 3238656/3887325 headlines...
[Rank 1] Encoded 3059456/3887325 headlines...
[Rank 0] Encoded 2918656/3887325 headlines...
[Rank 3] Encoded 3225856/3887323 headlines...
[Rank 1] Encoded 3072256/3887325 headlines...
[Rank 2] Encoded 3251456/3887325 headlines...
[Rank 1] Encoded 3085056/3887325 headlines...
[Rank 0] Encoded 2931456/3887325 headlines...
[Rank 2] Encoded 3264256/3887325 headlines...
[Rank 3] Encoded 3238656/3887323 headlines...
[Rank 3] Encoded 3251456/3887323 headlines...
[Rank 1] Encoded 3097856/3887325 headlines...
[Rank 2] Encoded 3277056/3887325 headlines...
[Rank 0] Encoded 2944256/3887325 headlines...
[Rank 1] Encoded 3110656/3887325 headlines...
[Rank 3] Encoded 3264256/3887323 headlines...
[Rank 2] Encoded 3289856/3887325 headlines...
[Rank 0] Encoded 2957056/3887325 headlines...
[Rank 1] Encoded 3123456/3887325 headlines...
[Rank 2] Encoded 3302656/3887325 headlines...
[Rank 3] Encoded 3277056/3887323 headlines...
[Rank 3] Encoded 3289856/3887323 headlines...
[Rank 1] Encoded 3136256/3887325 headlines...
[Rank 2] Encoded 3315456/3887325 headlines...
[Rank 0] Encoded 2969856/3887325 headlines...
[Rank 1] Encoded 3149056/3887325 headlines...
[Rank 2] Encoded 3328256/3887325 headlines...
[Rank 3] Encoded 3302656/3887323 headlines...
[Rank 0] Encoded 2982656/3887325 headlines...
[Rank 1] Encoded 3161856/3887325 headlines...
[Rank 3] Encoded 3315456/3887323 headlines...
[Rank 2] Encoded 3341056/3887325 headlines...
[Rank 1] Encoded 3174656/3887325 headlines...
[Rank 0] Encoded 2995456/3887325 headlines...
[Rank 3] Encoded 3328256/3887323 headlines...
[Rank 2] Encoded 3353856/3887325 headlines...
[Rank 1] Encoded 3187456/3887325 headlines...
[Rank 3] Encoded 3341056/3887323 headlines...
[Rank 0] Encoded 3008256/3887325 headlines...
[Rank 2] Encoded 3366656/3887325 headlines...
[Rank 1] Encoded 3200256/3887325 headlines...
[Rank 3] Encoded 3353856/3887323 headlines...
[Rank 2] Encoded 3379456/3887325 headlines...
[Rank 0] Encoded 3021056/3887325 headlines...
[Rank 1] Encoded 3213056/3887325 headlines...
[Rank 3] Encoded 3366656/3887323 headlines...
[Rank 2] Encoded 3392256/3887325 headlines...
[Rank 0] Encoded 3033856/3887325 headlines...
[Rank 1] Encoded 3225856/3887325 headlines...
[Rank 3] Encoded 3379456/3887323 headlines...
[Rank 2] Encoded 3405056/3887325 headlines...
[Rank 3] Encoded 3392256/3887323 headlines...
[Rank 1] Encoded 3238656/3887325 headlines...
[Rank 2] Encoded 3417856/3887325 headlines...
[Rank 0] Encoded 3046656/3887325 headlines...
[Rank 3] Encoded 3405056/3887323 headlines...
[Rank 1] Encoded 3251456/3887325 headlines...
[Rank 2] Encoded 3430656/3887325 headlines...
[Rank 0] Encoded 3059456/3887325 headlines...
[Rank 3] Encoded 3417856/3887323 headlines...
[Rank 1] Encoded 3264256/3887325 headlines...
[Rank 2] Encoded 3443456/3887325 headlines...
[Rank 1] Encoded 3277056/3887325 headlines...
[Rank 3] Encoded 3430656/3887323 headlines...
[Rank 0] Encoded 3072256/3887325 headlines...
[Rank 2] Encoded 3456256/3887325 headlines...
[Rank 1] Encoded 3289856/3887325 headlines...
[Rank 3] Encoded 3443456/3887323 headlines...
[Rank 2] Encoded 3469056/3887325 headlines...
[Rank 0] Encoded 3085056/3887325 headlines...
[Rank 3] Encoded 3456256/3887323 headlines...
[Rank 1] Encoded 3302656/3887325 headlines...
[Rank 2] Encoded 3481856/3887325 headlines...
[Rank 3] Encoded 3469056/3887323 headlines...
[Rank 0] Encoded 3097856/3887325 headlines...
[Rank 1] Encoded 3315456/3887325 headlines...
[Rank 3] Encoded 3481856/3887323 headlines...
[Rank 2] Encoded 3494656/3887325 headlines...
[Rank 3] Encoded 3494656/3887323 headlines...
[Rank 1] Encoded 3328256/3887325 headlines...
[Rank 0] Encoded 3110656/3887325 headlines...
[Rank 2] Encoded 3507456/3887325 headlines...
[Rank 3] Encoded 3507456/3887323 headlines...
[Rank 1] Encoded 3341056/3887325 headlines...
[Rank 3] Encoded 3520256/3887323 headlines...
[Rank 2] Encoded 3520256/3887325 headlines...
[Rank 0] Encoded 3123456/3887325 headlines...
[Rank 3] Encoded 3533056/3887323 headlines...
[Rank 1] Encoded 3353856/3887325 headlines...
[Rank 2] Encoded 3533056/3887325 headlines...
[Rank 3] Encoded 3545856/3887323 headlines...
[Rank 1] Encoded 3366656/3887325 headlines...
[Rank 0] Encoded 3136256/3887325 headlines...
[Rank 3] Encoded 3558656/3887323 headlines...
[Rank 2] Encoded 3545856/3887325 headlines...
[Rank 3] Encoded 3571456/3887323 headlines...
[Rank 1] Encoded 3379456/3887325 headlines...
[Rank 2] Encoded 3558656/3887325 headlines...
[Rank 0] Encoded 3149056/3887325 headlines...
[Rank 3] Encoded 3584256/3887323 headlines...
[Rank 1] Encoded 3392256/3887325 headlines...
[Rank 3] Encoded 3597056/3887323 headlines...
[Rank 2] Encoded 3571456/3887325 headlines...
[Rank 0] Encoded 3161856/3887325 headlines...
[Rank 1] Encoded 3405056/3887325 headlines...
[Rank 3] Encoded 3609856/3887323 headlines...
[Rank 2] Encoded 3584256/3887325 headlines...
[Rank 3] Encoded 3622656/3887323 headlines...
[Rank 1] Encoded 3417856/3887325 headlines...
[Rank 2] Encoded 3597056/3887325 headlines...
[Rank 0] Encoded 3174656/3887325 headlines...
[Rank 3] Encoded 3635456/3887323 headlines...
[Rank 1] Encoded 3430656/3887325 headlines...
[Rank 3] Encoded 3648256/3887323 headlines...
[Rank 2] Encoded 3609856/3887325 headlines...
[Rank 0] Encoded 3187456/3887325 headlines...
[Rank 3] Encoded 3661056/3887323 headlines...
[Rank 1] Encoded 3443456/3887325 headlines...
[Rank 3] Encoded 3673856/3887323 headlines...
[Rank 2] Encoded 3622656/3887325 headlines...
[Rank 0] Encoded 3200256/3887325 headlines...
[Rank 3] Encoded 3686656/3887323 headlines...
[Rank 1] Encoded 3456256/3887325 headlines...
[Rank 2] Encoded 3635456/3887325 headlines...
[Rank 3] Encoded 3699456/3887323 headlines...
[Rank 1] Encoded 3469056/3887325 headlines...
[Rank 0] Encoded 3213056/3887325 headlines...
[Rank 2] Encoded 3648256/3887325 headlines...
[Rank 3] Encoded 3712256/3887323 headlines...
[Rank 1] Encoded 3481856/3887325 headlines...
[Rank 3] Encoded 3725056/3887323 headlines...
[Rank 2] Encoded 3661056/3887325 headlines...
[Rank 0] Encoded 3225856/3887325 headlines...
[Rank 3] Encoded 3737856/3887323 headlines...
[Rank 1] Encoded 3494656/3887325 headlines...
[Rank 3] Encoded 3750656/3887323 headlines...
[Rank 2] Encoded 3673856/3887325 headlines...
[Rank 1] Encoded 3507456/3887325 headlines...
[Rank 3] Encoded 3763456/3887323 headlines...
[Rank 0] Encoded 3238656/3887325 headlines...
[Rank 2] Encoded 3686656/3887325 headlines...
[Rank 3] Encoded 3776256/3887323 headlines...
[Rank 1] Encoded 3520256/3887325 headlines...
[Rank 0] Encoded 3251456/3887325 headlines...
[Rank 3] Encoded 3789056/3887323 headlines...
[Rank 2] Encoded 3699456/3887325 headlines...
[Rank 1] Encoded 3533056/3887325 headlines...
[Rank 3] Encoded 3801856/3887323 headlines...
[Rank 2] Encoded 3712256/3887325 headlines...
[Rank 0] Encoded 3264256/3887325 headlines...
[Rank 3] Encoded 3814656/3887323 headlines...
[Rank 1] Encoded 3545856/3887325 headlines...
[Rank 3] Encoded 3827456/3887323 headlines...
[Rank 2] Encoded 3725056/3887325 headlines...
[Rank 1] Encoded 3558656/3887325 headlines...
[Rank 0] Encoded 3277056/3887325 headlines...
[Rank 3] Encoded 3840256/3887323 headlines...
[Rank 2] Encoded 3737856/3887325 headlines...
[Rank 1] Encoded 3571456/3887325 headlines...
[Rank 3] Encoded 3853056/3887323 headlines...
[Rank 0] Encoded 3289856/3887325 headlines...
[Rank 3] Encoded 3865856/3887323 headlines...
[Rank 2] Encoded 3750656/3887325 headlines...
[Rank 1] Encoded 3584256/3887325 headlines...
[Rank 3] Encoded 3878656/3887323 headlines...
[Rank 2] Encoded 3763456/3887325 headlines...
[Rank 1] Encoded 3597056/3887325 headlines...
[Rank 0] Encoded 3302656/3887325 headlines...
[Rank 2] Encoded 3776256/3887325 headlines...
[Rank 1] Encoded 3609856/3887325 headlines...
[Rank 0] Encoded 3315456/3887325 headlines...
[Rank 2] Encoded 3789056/3887325 headlines...
[Rank 1] Encoded 3622656/3887325 headlines...
[Rank 0] Encoded 3328256/3887325 headlines...
[Rank 2] Encoded 3801856/3887325 headlines...
[Rank 1] Encoded 3635456/3887325 headlines...
[Rank 2] Encoded 3814656/3887325 headlines...
[Rank 0] Encoded 3341056/3887325 headlines...
[Rank 1] Encoded 3648256/3887325 headlines...
[Rank 2] Encoded 3827456/3887325 headlines...
[Rank 1] Encoded 3661056/3887325 headlines...
[Rank 0] Encoded 3353856/3887325 headlines...
[Rank 2] Encoded 3840256/3887325 headlines...
[Rank 1] Encoded 3673856/3887325 headlines...
[Rank 0] Encoded 3366656/3887325 headlines...
[Rank 2] Encoded 3853056/3887325 headlines...
[Rank 1] Encoded 3686656/3887325 headlines...
[Rank 2] Encoded 3865856/3887325 headlines...
[Rank 1] Encoded 3699456/3887325 headlines...
[Rank 0] Encoded 3379456/3887325 headlines...
[Rank 2] Encoded 3878656/3887325 headlines...
[Rank 1] Encoded 3712256/3887325 headlines...
[Rank 0] Encoded 3392256/3887325 headlines...
[Rank 1] Encoded 3725056/3887325 headlines...
[Rank 1] Encoded 3737856/3887325 headlines...
[Rank 0] Encoded 3405056/3887325 headlines...
[Rank 1] Encoded 3750656/3887325 headlines...
[Rank 0] Encoded 3417856/3887325 headlines...
[Rank 1] Encoded 3763456/3887325 headlines...
[Rank 1] Encoded 3776256/3887325 headlines...
[Rank 0] Encoded 3430656/3887325 headlines...
[Rank 1] Encoded 3789056/3887325 headlines...
[Rank 0] Encoded 3443456/3887325 headlines...
[Rank 1] Encoded 3801856/3887325 headlines...
[Rank 1] Encoded 3814656/3887325 headlines...
[Rank 0] Encoded 3456256/3887325 headlines...
[Rank 1] Encoded 3827456/3887325 headlines...
[Rank 0] Encoded 3469056/3887325 headlines...
[Rank 1] Encoded 3840256/3887325 headlines...
[Rank 0] Encoded 3481856/3887325 headlines...
[Rank 1] Encoded 3853056/3887325 headlines...
[Rank 1] Encoded 3865856/3887325 headlines...
[Rank 0] Encoded 3494656/3887325 headlines...
[Rank 1] Encoded 3878656/3887325 headlines...
[Rank 0] Encoded 3507456/3887325 headlines...
[Rank 0] Encoded 3520256/3887325 headlines...
[Rank 0] Encoded 3533056/3887325 headlines...
[Rank 0] Encoded 3545856/3887325 headlines...
[Rank 0] Encoded 3558656/3887325 headlines...
[Rank 0] Encoded 3571456/3887325 headlines...
[Rank 0] Encoded 3584256/3887325 headlines...
[Rank 0] Encoded 3597056/3887325 headlines...
[Rank 0] Encoded 3609856/3887325 headlines...
[Rank 0] Encoded 3622656/3887325 headlines...
[Rank 0] Encoded 3635456/3887325 headlines...
[Rank 0] Encoded 3648256/3887325 headlines...
[Rank 0] Encoded 3661056/3887325 headlines...
[Rank 0] Encoded 3673856/3887325 headlines...
[Rank 0] Encoded 3686656/3887325 headlines...
[Rank 0] Encoded 3699456/3887325 headlines...
[Rank 0] Encoded 3712256/3887325 headlines...
[Rank 0] Encoded 3725056/3887325 headlines...
[Rank 0] Encoded 3737856/3887325 headlines...
[Rank 0] Encoded 3750656/3887325 headlines...
[Rank 0] Encoded 3763456/3887325 headlines...
[Rank 0] Encoded 3776256/3887325 headlines...
[Rank 0] Encoded 3789056/3887325 headlines...
[Rank 0] Encoded 3801856/3887325 headlines...
[Rank 0] Encoded 3814656/3887325 headlines...
[Rank 0] Encoded 3827456/3887325 headlines...
[Rank 0] Encoded 3840256/3887325 headlines...
[Rank 0] Encoded 3853056/3887325 headlines...
[Rank 0] Encoded 3865856/3887325 headlines...
[Rank 0] Encoded 3878656/3887325 headlines...
[merge.py] Global daily_news shape after gather: (2837055, 773)
