/global/u2/w/wa176/ece534-finance-project/scripts/train.py:367: FutureWarning: `torch.cuda.amp.GradScaler(args...)` is deprecated. Please use `torch.amp.GradScaler('cuda', args...)` instead.
  scaler = GradScaler(enabled=args.amp and device.type == "cuda")
/global/u2/w/wa176/ece534-finance-project/scripts/train.py:367: FutureWarning: `torch.cuda.amp.GradScaler(args...)` is deprecated. Please use `torch.amp.GradScaler('cuda', args...)` instead.
  scaler = GradScaler(enabled=args.amp and device.type == "cuda")
/global/u2/w/wa176/ece534-finance-project/scripts/train.py:367: FutureWarning: `torch.cuda.amp.GradScaler(args...)` is deprecated. Please use `torch.amp.GradScaler('cuda', args...)` instead.
  scaler = GradScaler(enabled=args.amp and device.type == "cuda")
/global/u2/w/wa176/ece534-finance-project/scripts/train.py:367: FutureWarning: `torch.cuda.amp.GradScaler(args...)` is deprecated. Please use `torch.amp.GradScaler('cuda', args...)` instead.
  scaler = GradScaler(enabled=args.amp and device.type == "cuda")
/global/u2/w/wa176/ece534-finance-project/scripts/train.py:367: FutureWarning: `torch.cuda.amp.GradScaler(args...)` is deprecated. Please use `torch.amp.GradScaler('cuda', args...)` instead.
  scaler = GradScaler(enabled=args.amp and device.type == "cuda")
/global/u2/w/wa176/ece534-finance-project/scripts/train.py:367: FutureWarning: `torch.cuda.amp.GradScaler(args...)` is deprecated. Please use `torch.amp.GradScaler('cuda', args...)` instead.
  scaler = GradScaler(enabled=args.amp and device.type == "cuda")
/global/u2/w/wa176/ece534-finance-project/scripts/train.py:367: FutureWarning: `torch.cuda.amp.GradScaler(args...)` is deprecated. Please use `torch.amp.GradScaler('cuda', args...)` instead.
  scaler = GradScaler(enabled=args.amp and device.type == "cuda")
/global/u2/w/wa176/ece534-finance-project/scripts/train.py:367: FutureWarning: `torch.cuda.amp.GradScaler(args...)` is deprecated. Please use `torch.amp.GradScaler('cuda', args...)` instead.
  scaler = GradScaler(enabled=args.amp and device.type == "cuda")
/global/u2/w/wa176/ece534-finance-project/scripts/train.py:398: FutureWarning: `torch.cuda.amp.autocast(args...)` is deprecated. Please use `torch.amp.autocast('cuda', args...)` instead.
  with autocast(enabled=args.amp and device.type == "cuda"):
/global/u2/w/wa176/ece534-finance-project/scripts/train.py:398: FutureWarning: `torch.cuda.amp.autocast(args...)` is deprecated. Please use `torch.amp.autocast('cuda', args...)` instead.
  with autocast(enabled=args.amp and device.type == "cuda"):
/global/u2/w/wa176/ece534-finance-project/scripts/train.py:398: FutureWarning: `torch.cuda.amp.autocast(args...)` is deprecated. Please use `torch.amp.autocast('cuda', args...)` instead.
  with autocast(enabled=args.amp and device.type == "cuda"):
/global/u2/w/wa176/ece534-finance-project/scripts/train.py:398: FutureWarning: `torch.cuda.amp.autocast(args...)` is deprecated. Please use `torch.amp.autocast('cuda', args...)` instead.
  with autocast(enabled=args.amp and device.type == "cuda"):
/global/u2/w/wa176/ece534-finance-project/scripts/train.py:398: FutureWarning: `torch.cuda.amp.autocast(args...)` is deprecated. Please use `torch.amp.autocast('cuda', args...)` instead.
  with autocast(enabled=args.amp and device.type == "cuda"):
/global/u2/w/wa176/ece534-finance-project/scripts/train.py:398: FutureWarning: `torch.cuda.amp.autocast(args...)` is deprecated. Please use `torch.amp.autocast('cuda', args...)` instead.
  with autocast(enabled=args.amp and device.type == "cuda"):
/global/u2/w/wa176/ece534-finance-project/scripts/train.py:398: FutureWarning: `torch.cuda.amp.autocast(args...)` is deprecated. Please use `torch.amp.autocast('cuda', args...)` instead.
  with autocast(enabled=args.amp and device.type == "cuda"):
/global/u2/w/wa176/ece534-finance-project/scripts/train.py:398: FutureWarning: `torch.cuda.amp.autocast(args...)` is deprecated. Please use `torch.amp.autocast('cuda', args...)` instead.
  with autocast(enabled=args.amp and device.type == "cuda"):
slurmstepd: error: *** STEP 46172437.0 ON nid002409 CANCELLED AT 2025-12-08T12:23:30 ***
srun: Job step aborted: Waiting up to 32 seconds for job step to finish.
slurmstepd: error: *** JOB 46172437 ON nid002409 CANCELLED AT 2025-12-08T12:23:30 ***
