/pscratch/sd/w/wa176/ece534-envs/.venv/bin/python: can't open file '/global/u2/w/wa176/ece534-finance-project/train.py': [Errno 2] No such file or directory
/pscratch/sd/w/wa176/ece534-envs/.venv/bin/python: can't open file '/global/u2/w/wa176/ece534-finance-project/train.py': [Errno 2] No such file or directory
/pscratch/sd/w/wa176/ece534-envs/.venv/bin/python: can't open file '/global/u2/w/wa176/ece534-finance-project/train.py': [Errno 2] No such file or directory
/pscratch/sd/w/wa176/ece534-envs/.venv/bin/python: can't open file '/global/u2/w/wa176/ece534-finance-project/train.py': [Errno 2] No such file or directory
E1207 22:17:31.876000 97148 torch/distributed/elastic/multiprocessing/api.py:882] failed (exitcode: 2) local_rank: 0 (pid: 97203) of binary: /pscratch/sd/w/wa176/ece534-envs/.venv/bin/python
Traceback (most recent call last):
  File "/pscratch/sd/w/wa176/ece534-envs/.venv/bin/torchrun", line 7, in <module>
    sys.exit(main())
             ^^^^^^
  File "/pscratch/sd/w/wa176/ece534-envs/.venv/lib/python3.11/site-packages/torch/distributed/elastic/multiprocessing/errors/__init__.py", line 357, in wrapper
    return f(*args, **kwargs)
           ^^^^^^^^^^^^^^^^^^
  File "/pscratch/sd/w/wa176/ece534-envs/.venv/lib/python3.11/site-packages/torch/distributed/run.py", line 936, in main
    run(args)
  File "/pscratch/sd/w/wa176/ece534-envs/.venv/lib/python3.11/site-packages/torch/distributed/run.py", line 927, in run
    elastic_launch(
  File "/pscratch/sd/w/wa176/ece534-envs/.venv/lib/python3.11/site-packages/torch/distributed/launcher/api.py", line 156, in __call__
    return launch_agent(self._config, self._entrypoint, list(args))
           ^^^^^^^^^^^^^^^^^^^^^^^^^^^^^^^^^^^^^^^^^^^^^^^^^^^^^^^^
  File "/pscratch/sd/w/wa176/ece534-envs/.venv/lib/python3.11/site-packages/torch/distributed/launcher/api.py", line 293, in launch_agent
    raise ChildFailedError(
torch.distributed.elastic.multiprocessing.errors.ChildFailedError: 
============================================================
train.py FAILED
------------------------------------------------------------
Failures:
[1]:
  time      : 2025-12-07_22:17:31
  host      : nid003276-hsn0
  rank      : 1 (local_rank: 1)
  exitcode  : 2 (pid: 97204)
  error_file: <N/A>
  traceback : To enable traceback see: https://pytorch.org/docs/stable/elastic/errors.html
[2]:
  time      : 2025-12-07_22:17:31
  host      : nid003276-hsn0
  rank      : 2 (local_rank: 2)
  exitcode  : 2 (pid: 97205)
  error_file: <N/A>
  traceback : To enable traceback see: https://pytorch.org/docs/stable/elastic/errors.html
[3]:
  time      : 2025-12-07_22:17:31
  host      : nid003276-hsn0
  rank      : 3 (local_rank: 3)
  exitcode  : 2 (pid: 97206)
  error_file: <N/A>
  traceback : To enable traceback see: https://pytorch.org/docs/stable/elastic/errors.html
------------------------------------------------------------
Root Cause (first observed failure):
[0]:
  time      : 2025-12-07_22:17:31
  host      : nid003276-hsn0
  rank      : 0 (local_rank: 0)
  exitcode  : 2 (pid: 97203)
  error_file: <N/A>
  traceback : To enable traceback see: https://pytorch.org/docs/stable/elastic/errors.html
============================================================
srun: error: nid003276: task 0: Exited with exit code 1
srun: Terminating StepId=46162203.0
